<?xml version="1.0" encoding="utf-8"?><testsuites name="pytest tests"><testsuite name="pytest" errors="0" failures="0" skipped="0" tests="21" time="2.475" timestamp="2026-02-15T19:34:09.593599+05:30" hostname="hydsudhdevu01"><testcase classname="tests.unit.test_analytics.TestDerivedMetricsEngine" name="test_compute_basic" time="0.006" /><testcase classname="tests.unit.test_analytics.TestDerivedMetricsEngine" name="test_throughput_computation" time="0.003" /><testcase classname="tests.unit.test_analytics.TestDerivedMetricsEngine" name="test_latency_statistics" time="0.005" /><testcase classname="tests.unit.test_cli.TestCLIHelp" name="test_main_help" time="0.005" /><testcase classname="tests.unit.test_cli.TestCLIHelp" name="test_run_help" time="0.004" /><testcase classname="tests.unit.test_cli.TestCLIHelp" name="test_report_help" time="0.004" /><testcase classname="tests.unit.test_cli.TestCLIHelp" name="test_diff_help" time="0.003" /><testcase classname="tests.unit.test_cli.TestCLIVerbose" name="test_verbose_flag" time="0.003" /><testcase classname="tests.unit.test_collectors.TestSystemSampler" name="test_create_sampler" time="0.001" /><testcase classname="tests.unit.test_collectors.TestSystemSampler" name="test_sampler_default_interval" time="0.001" /><testcase classname="tests.unit.test_collectors.TestSystemSampler" name="test_sampler_custom_interval" time="0.001" /><testcase classname="tests.unit.test_collectors.TestSystemSampler" name="test_sampler_has_samples_list" time="0.001" /><testcase classname="tests.unit.test_collectors.TestSystemSample" name="test_create_sample" time="0.001" /><testcase classname="tests.unit.test_collectors.TestClockMonitor" name="test_create_monitor" time="0.001" /><testcase classname="tests.unit.test_collectors.TestClockMonitor" name="test_monitor_has_methods" time="0.001" /><testcase classname="tests.unit.test_collectors.TestROCmSMISampler" name="test_import_sampler" time="0.001" /><testcase classname="tests.unit.test_core.TestUtils" name="test_monotonic_timer" time="0.001" /><testcase classname="tests.unit.test_core.TestSchema" name="test_inference_iteration" time="0.001" /><testcase classname="tests.unit.test_core.TestSchema" name="test_kernel_summary" time="0.001" /><testcase classname="tests.unit.test_core.TestSchema" name="test_phase_metrics" time="0.001" /><testcase classname="tests.unit.test_core.TestSchemaDict" name="test_inference_iteration_to_dict" time="0.007" /></testsuite></testsuites>